<?xml version="1.0" encoding="UTF-8"?>
<testsuite xmlns:xsi="http://www.w3.org/2001/XMLSchema-instance" xsi:noNamespaceSchemaLocation="https://maven.apache.org/surefire/maven-surefire-plugin/xsd/surefire-test-report.xsd" version="3.0.2" name="com.devsu.cuenta.CuentaServiceApplicationTests" time="1.094" tests="1" errors="0" skipped="0" failures="0">
  <properties>
[...]
</properties>
  <testcase name="contextLoads" classname="com.devsu.cuenta.CuentaServiceApplicationTests" time="0.313">
    <system-out><![CDATA[21:47:27.872 [main] INFO org.springframework.test.context.support.AnnotationConfigContextLoaderUtils -- Could not detect default configuration classes for test class [com.devsu.cuenta.CuentaServiceApplicationTests]: CuentaServiceApplicationTests does not declare any static, non-private, non-final, nested classes annotated with @Configuration.
21:47:27.917 [main] INFO org.springframework.boot.test.context.SpringBootTestContextBootstrapper -- Found @SpringBootConfiguration com.devsu.cuenta.CuentaServiceApplication for test class com.devsu.cuenta.CuentaServiceApplicationTests

  .   ____          _            __ _ _
 /\\ / ___'_ __ _ _(_)_ __  __ _ \ \ \ \
( ( )\___ | '_ | '_| | '_ \/ _` | \ \ \ \
 \\/  ___)| |_)| | | | | || (_| |  ) ) ) )
  '  |____| .__|_| |_|_| |_\__, | / / / /
 =========|_|==============|___/=/_/_/_/

 :: Spring Boot ::               (v3.4.12)

2025-12-17T21:47:28.071-06:00  INFO 40049 --- [cuenta-service] [           main] c.d.c.CuentaServiceApplicationTests      : Starting CuentaServiceApplicationTests using Java 25.0.1 with PID 40049 (started by marlonlagunamatamoros in /Users/marlonlagunamatamoros/Documents/Proyectos/Test Devsu/cuenta-service)
2025-12-17T21:47:28.071-06:00  INFO 40049 --- [cuenta-service] [           main] c.d.c.CuentaServiceApplicationTests      : No active profile set, falling back to 1 default profile: "default"
2025-12-17T21:47:28.598-06:00  INFO 40049 --- [cuenta-service] [           main] c.d.c.CuentaServiceApplicationTests      : Started CuentaServiceApplicationTests in 0.63 seconds (process running for 0.952)
]]></system-out>
    <system-err><![CDATA[Mockito is currently self-attaching to enable the inline-mock-maker. This will no longer work in future releases of the JDK. Please add Mockito as an agent to your build what is described in Mockito's documentation: https://javadoc.io/doc/org.mockito/mockito-core/latest/org/mockito/Mockito.html#0.3
WARNING: A Java agent has been loaded dynamically (/Users/marlonlagunamatamoros/.m2/repository/net/bytebuddy/byte-buddy-agent/1.15.11/byte-buddy-agent-1.15.11.jar)
WARNING: If a serviceability tool is in use, please run with -XX:+EnableDynamicAgentLoading to hide this warning
WARNING: If a serviceability tool is not in use, please run with -Djdk.instrument.traceUsage for more information
WARNING: Dynamic loading of agents will be disallowed by default in a future release
]]></system-err>
  </testcase>
</testsuite>